<?xml version="1.0" encoding="UTF-8"?>
<!-- Generated by org.testng.reporters.JUnitReportReporter -->
<testsuite hostname="DESKTOP-1D3CBA8" failures="0" tests="3" name="AMS_TESTSUITS.ADMIN_DASHBOARD" time="32.849" errors="0" timestamp="2023-04-28T17:09:07 IST" skipped="0">
  <testcase classname="AMS_TESTSUITS.ADMIN_DASHBOARD" name="Test_Dashboard" time="11.678"/>
  <system-out/>
  <testcase classname="AMS_TESTSUITS.ADMIN_DASHBOARD" name="Test_Dashboard" time="10.945"/>
  <system-out/>
  <testcase classname="AMS_TESTSUITS.ADMIN_DASHBOARD" name="Test_Dashboard" time="10.226"/>
  <system-out/>
</testsuite> <!-- AMS_TESTSUITS.ADMIN_DASHBOARD -->
