<?xml version="1.0" encoding="UTF-8"?>
<!-- Generated by org.testng.reporters.JUnitReportReporter -->
<testsuite hostname="DESKTOP-1D3CBA8" failures="0" tests="1" name="AMS_TESTSUITS.ADMIN_EDV" time="31.202" errors="0" timestamp="2023-04-27T00:09:12 IST" skipped="0">
  <testcase classname="AMS_TESTSUITS.ADMIN_EDV" name="EDV" time="31.202"/>
  <system-out/>
</testsuite> <!-- AMS_TESTSUITS.ADMIN_EDV -->
