<?xml version="1.0" encoding="UTF-8"?>
<!-- Generated by org.testng.reporters.JUnitReportReporter -->
<testsuite hostname="DESKTOP-1D3CBA8" failures="0" tests="3" name="AMS_TESTSUITS.ADMIN_DASHBOARD" time="27.574" errors="0" timestamp="2023-04-27T00:09:12 IST" skipped="0">
  <testcase classname="AMS_TESTSUITS.ADMIN_DASHBOARD" name="Test_Dashboard" time="8.514"/>
  <system-out/>
  <testcase classname="AMS_TESTSUITS.ADMIN_DASHBOARD" name="Test_Dashboard" time="9.892"/>
  <system-out/>
  <testcase classname="AMS_TESTSUITS.ADMIN_DASHBOARD" name="Test_Dashboard" time="9.168"/>
  <system-out/>
</testsuite> <!-- AMS_TESTSUITS.ADMIN_DASHBOARD -->
